<?xml version="1.0" encoding="UTF-8"?>
<!-- Generated by org.testng.reporters.JUnitXMLReporter -->
<testsuite ignored="0" hostname="DESKTOP-3DRDQ0O" failures="0" tests="8" name=" Firefox Tests" time="209.115" errors="0" timestamp="2023-10-17T16:13:46 IST">
  <testcase classname="com.ts.SearchComponant" name="m2" time="0.001"/>
  <testcase classname="com.ts.SearchComponant" name="varifySearchResults" time="0.281"/>
  <testcase classname="com.ts.SearchComponant" name="verifyWhenWomenFilterIsAppliedToSearchResult" time="0.002"/>
  <testcase classname="com.ts.ATests" name="m2" time="0.001"/>
  <testcase classname="com.ts.ATests" name="m2" time="0.002"/>
  <testcase classname="com.ts.ATests" name="m2" time="0.0">
    <skipped/>
  </testcase> <!-- m2 -->
  <testcase classname="com.ts.ATests" name="m2" time="0.0">
    <skipped/>
  </testcase> <!-- m2 -->
  <testcase classname="com.ts.BTests" name="m6" time="0.001"/>
</testsuite> <!--  Firefox Tests -->
